<?xml version="1.0" encoding="UTF-8"?>
<!-- Generated by org.testng.reporters.JUnitReportReporter -->
<testsuite hostname="LAPTOP-TASUHUEE" failures="0" tests="1" name="com.hrms.testscript_log4j_testng.TC002_WD_TNG_FW_Log4j" time="32.261" errors="0" timestamp="2023-05-09T16:40:11 IST" skipped="0">
  <testcase classname="com.hrms.testscript_log4j_testng.TC002_WD_TNG_FW_Log4j" name="tc002" time="32.261"/>
  <system-out>
    <![CDATA[Application opened
login completed
save emp details
logout completed
application closed]]>
  </system-out>
</testsuite> <!-- com.hrms.testscript_log4j_testng.TC002_WD_TNG_FW_Log4j -->
