<?xml version="1.0" encoding="UTF-8"?>
<!-- Generated by org.testng.reporters.JUnitReportReporter -->
<testsuite hostname="LAPTOP-TASUHUEE" failures="0" tests="4" name="com.hrms.testscript.testng.TC_002_WD_TNG" time="123.666" errors="0" timestamp="11 May 2023 11:11:02 GMT">
  <testcase classname="com.hrms.testscript.testng.TC_002_WD_TNG" name="tc003" time="45.984"/>
  <testcase classname="com.hrms.testscript.testng.TC_002_WD_TNG" name="tc004" time="31.506"/>
  <testcase classname="com.hrms.testscript.testng.TC_002_WD_TNG" name="tc001" time="18.364"/>
  <testcase classname="com.hrms.testscript.testng.TC_002_WD_TNG" name="tc002" time="27.812"/>
</testsuite> <!-- com.hrms.testscript.testng.TC_002_WD_TNG -->
