<?xml version="1.0" encoding="UTF-8"?>
<!-- Generated by org.testng.reporters.JUnitReportReporter -->
<testsuite hostname="LAPTOP-TASUHUEE" failures="0" tests="4" name="com.hrms.testscript.testng.TC001_WD_TNG_FW" time="125.185" errors="0" timestamp="2023-05-09T14:08:46 IST" skipped="0">
  <testcase classname="com.hrms.testscript.testng.TC001_WD_TNG_FW" name="tc004" time="36.424"/>
  <system-out/>
  <testcase classname="com.hrms.testscript.testng.TC001_WD_TNG_FW" name="tc001" time="14.299"/>
  <system-out/>
  <testcase classname="com.hrms.testscript.testng.TC001_WD_TNG_FW" name="tc002" time="28.225"/>
  <system-out/>
  <testcase classname="com.hrms.testscript.testng.TC001_WD_TNG_FW" name="tc003" time="46.237"/>
  <system-out/>
</testsuite> <!-- com.hrms.testscript.testng.TC001_WD_TNG_FW -->
