<?xml version="1.0" encoding="UTF-8"?>
<!-- Generated by org.testng.reporters.JUnitReportReporter -->
<testsuite hostname="LAPTOP-TASUHUEE" failures="0" tests="1" name="com.hrms.testscript_log4j_testng.TC001_Testng_WB_Log4j_FW" time="18.354" errors="0" timestamp="2023-05-09T16:55:43 IST" skipped="0">
  <testcase classname="com.hrms.testscript_log4j_testng.TC001_Testng_WB_Log4j_FW" name="tc001" time="18.354"/>
  <system-out>
    <![CDATA[Application opened
login completed
logout completed
application closed]]>
  </system-out>
</testsuite> <!-- com.hrms.testscript_log4j_testng.TC001_Testng_WB_Log4j_FW -->
